# JRE version: Java(TM) SE Runtime Environment (8.0_91-b14) (build 1.8.0_91-b14)
# Java VM: Java HotSpot(TM) Client VM (25.91-b14 mixed mode windows-x86 )
Heap:
 def new generation   total 39424K, used 20351K [0x04c00000, 0x076c0000, 0x0f6a0000)
  eden space 35072K,  48% used [0x04c00000, 0x05c78ef0, 0x06e40000)
  from space 4352K,  80% used [0x07280000, 0x075e7100, 0x076c0000)
  to   space 4352K,   0% used [0x06e40000, 0x06e40000, 0x07280000)
 tenured generation   total 87424K, used 23802K [0x0f6a0000, 0x14c00000, 0x24c00000)
   the space 87424K,  27% used [0x0f6a0000, 0x10dde8d8, 0x10ddea00, 0x14c00000)
 Metaspace       used 18280K, capacity 18678K, committed 18688K, reserved 18816K
GC Heap History (10 events):
Event: 3.155 GC heap before
{Heap before GC invocations=3 (full 1):
 def new generation   total 39424K, used 34691K [0x04c00000, 0x076c0000, 0x0f6a0000)
  eden space 35072K,  98% used [0x04c00000, 0x06de0ea8, 0x06e40000)
  from space 4352K,   0% used [0x06e40000, 0x06e40000, 0x07280000)
  to   space 4352K,   0% used [0x07280000, 0x07280000, 0x076c0000)
 tenured generation   total 87424K, used 9352K [0x0f6a0000, 0x14c00000, 0x24c00000)
   the space 87424K,  10% used [0x0f6a0000, 0x0ffc23e8, 0x0ffc2400, 0x14c00000)
 Metaspace       used 16794K, capacity 17163K, committed 17280K, reserved 17792K
Event: 3.174 GC heap after
Heap after GC invocations=4 (full 1):
 def new generation   total 39424K, used 4352K [0x04c00000, 0x076c0000, 0x0f6a0000)
  eden space 35072K,   0% used [0x04c00000, 0x04c00000, 0x06e40000)
  from space 4352K, 100% used [0x07280000, 0x076c0000, 0x076c0000)
  to   space 4352K,   0% used [0x06e40000, 0x06e40000, 0x07280000)
 tenured generation   total 87424K, used 15412K [0x0f6a0000, 0x14c00000, 0x24c00000)
   the space 87424K,  17% used [0x0f6a0000, 0x105ad3c8, 0x105ad400, 0x14c00000)
 Metaspace       used 16794K, capacity 17163K, committed 17280K, reserved 17792K
}
Event: 126.779 GC heap before
{Heap before GC invocations=4 (full 1):
 def new generation   total 39424K, used 39424K [0x04c00000, 0x076c0000, 0x0f6a0000)
  eden space 35072K, 100% used [0x04c00000, 0x06e40000, 0x06e40000)
  from space 4352K, 100% used [0x07280000, 0x076c0000, 0x076c0000)
  to   space 4352K,   0% used [0x06e40000, 0x06e40000, 0x07280000)
 tenured generation   total 87424K, used 15412K [0x0f6a0000, 0x14c00000, 0x24c00000)
   the space 87424K,  17% used [0x0f6a0000, 0x105ad3c8, 0x105ad400, 0x14c00000)
 Metaspace       used 17659K, capacity 18030K, committed 18048K, reserved 18816K
Event: 126.795 GC heap after
Heap after GC invocations=5 (full 1):
 def new generation   total 39424K, used 3407K [0x04c00000, 0x076c0000, 0x0f6a0000)
  eden space 35072K,   0% used [0x04c00000, 0x04c00000, 0x06e40000)
  from space 4352K,  78% used [0x06e40000, 0x07193d90, 0x07280000)
  to   space 4352K,   0% used [0x07280000, 0x07280000, 0x076c0000)
 tenured generation   total 87424K, used 18765K [0x0f6a0000, 0x14c00000, 0x24c00000)
   the space 87424K,  21% used [0x0f6a0000, 0x108f34e8, 0x108f3600, 0x14c00000)
 Metaspace       used 17659K, capacity 18030K, committed 18048K, reserved 18816K
}
Event: 283.255 GC heap before
{Heap before GC invocations=5 (full 1):
 def new generation   total 39424K, used 38479K [0x04c00000, 0x076c0000, 0x0f6a0000)
  eden space 35072K, 100% used [0x04c00000, 0x06e40000, 0x06e40000)
  from space 4352K,  78% used [0x06e40000, 0x07193d90, 0x07280000)
  to   space 4352K,   0% used [0x07280000, 0x07280000, 0x076c0000)
 tenured generation   total 87424K, used 18765K [0x0f6a0000, 0x14c00000, 0x24c00000)
   the space 87424K,  21% used [0x0f6a0000, 0x108f34e8, 0x108f3600, 0x14c00000)
 Metaspace       used 17849K, capacity 18252K, committed 18304K, reserved 18816K
Event: 283.265 GC heap after
Heap after GC invocations=6 (full 1):
 def new generation   total 39424K, used 725K [0x04c00000, 0x076c0000, 0x0f6a0000)
  eden space 35072K,   0% used [0x04c00000, 0x04c00000, 0x06e40000)
  from space 4352K,  16% used [0x07280000, 0x073356f8, 0x076c0000)
  to   space 4352K,   0% used [0x06e40000, 0x06e40000, 0x07280000)
 tenured generation   total 87424K, used 21754K [0x0f6a0000, 0x14c00000, 0x24c00000)
   the space 87424K,  24% used [0x0f6a0000, 0x10bde8c8, 0x10bdea00, 0x14c00000)
 Metaspace       used 17849K, capacity 18252K, committed 18304K, reserved 18816K
}
Event: 458.023 GC heap before
{Heap before GC invocations=6 (full 1):
 def new generation   total 39424K, used 35797K [0x04c00000, 0x076c0000, 0x0f6a0000)
  eden space 35072K, 100% used [0x04c00000, 0x06e40000, 0x06e40000)
  from space 4352K,  16% used [0x07280000, 0x073356f8, 0x076c0000)
  to   space 4352K,   0% used [0x06e40000, 0x06e40000, 0x07280000)
 tenured generation   total 87424K, used 21754K [0x0f6a0000, 0x14c00000, 0x24c00000)
   the space 87424K,  24% used [0x0f6a0000, 0x10bde8c8, 0x10bdea00, 0x14c00000)
 Metaspace       used 17870K, capacity 18284K, committed 18304K, reserved 18816K
Event: 458.027 GC heap after
Heap after GC invocations=7 (full 1):
 def new generation   total 39424K, used 876K [0x04c00000, 0x076c0000, 0x0f6a0000)
  eden space 35072K,   0% used [0x04c00000, 0x04c00000, 0x06e40000)
  from space 4352K,  20% used [0x06e40000, 0x06f1b358, 0x07280000)
  to   space 4352K,   0% used [0x07280000, 0x07280000, 0x076c0000)
 tenured generation   total 87424K, used 21754K [0x0f6a0000, 0x14c00000, 0x24c00000)
   the space 87424K,  24% used [0x0f6a0000, 0x10bde8c8, 0x10bdea00, 0x14c00000)
 Metaspace       used 17870K, capacity 18284K, committed 18304K, reserved 18816K
}
Event: 530.444 GC heap before
{Heap before GC invocations=7 (full 1):
 def new generation   total 39424K, used 35948K [0x04c00000, 0x076c0000, 0x0f6a0000)
  eden space 35072K, 100% used [0x04c00000, 0x06e40000, 0x06e40000)
  from space 4352K,  20% used [0x06e40000, 0x06f1b358, 0x07280000)
  to   space 4352K,   0% used [0x07280000, 0x07280000, 0x076c0000)
 tenured generation   total 87424K, used 21754K [0x0f6a0000, 0x14c00000, 0x24c00000)
   the space 87424K,  24% used [0x0f6a0000, 0x10bde8c8, 0x10bdea00, 0x14c00000)
 Metaspace       used 18280K, capacity 18678K, committed 18688K, reserved 18816K
Event: 530.450 GC heap after
Heap after GC invocations=8 (full 1):
 def new generation   total 39424K, used 3484K [0x04c00000, 0x076c0000, 0x0f6a0000)
  eden space 35072K,   0% used [0x04c00000, 0x04c00000, 0x06e40000)
  from space 4352K,  80% used [0x07280000, 0x075e7100, 0x076c0000)
  to   space 4352K,   0% used [0x06e40000, 0x06e40000, 0x07280000)
 tenured generation   total 87424K, used 23802K [0x0f6a0000, 0x14c00000, 0x24c00000)
   the space 87424K,  27% used [0x0f6a0000, 0x10dde8d8, 0x10ddea00, 0x14c00000)
 Metaspace       used 18280K, capacity 18678K, committed 18688K, reserved 18816K
}

