# JRE version: Java(TM) SE Runtime Environment (8.0_91-b14) (build 1.8.0_91-b14)
# Java VM: Java HotSpot(TM) Client VM (25.91-b14 mixed mode windows-x86 )
Heap:
 def new generation   total 51328K, used 32954K [0x05400000, 0x08bb0000, 0x0fea0000)
  eden space 45632K,  66% used [0x05400000, 0x07170580, 0x08090000)
  from space 5696K,  49% used [0x08620000, 0x088de350, 0x08bb0000)
  to   space 5696K,   0% used [0x08090000, 0x08090000, 0x08620000)
 tenured generation   total 113888K, used 82452K [0x0fea0000, 0x16dd8000, 0x25400000)
   the space 113888K,  72% used [0x0fea0000, 0x14f253e8, 0x14f25400, 0x16dd8000)
 Metaspace       used 18697K, capacity 19118K, committed 19200K, reserved 19840K
GC Heap History (10 events):
Event: 26725.996 GC heap before
{Heap before GC invocations=243 (full 2):
 def new generation   total 51328K, used 46225K [0x05400000, 0x08bb0000, 0x0fea0000)
  eden space 45632K, 100% used [0x05400000, 0x08090000, 0x08090000)
  from space 5696K,  10% used [0x08090000, 0x081246b8, 0x08620000)
  to   space 5696K,   0% used [0x08620000, 0x08620000, 0x08bb0000)
 tenured generation   total 113888K, used 79972K [0x0fea0000, 0x16dd8000, 0x25400000)
   the space 113888K,  70% used [0x0fea0000, 0x14cb9390, 0x14cb9400, 0x16dd8000)
 Metaspace       used 18695K, capacity 19116K, committed 19200K, reserved 19840K
Event: 26726.001 GC heap after
Heap after GC invocations=244 (full 2):
 def new generation   total 51328K, used 2973K [0x05400000, 0x08bb0000, 0x0fea0000)
  eden space 45632K,   0% used [0x05400000, 0x05400000, 0x08090000)
  from space 5696K,  52% used [0x08620000, 0x089077c0, 0x08bb0000)
  to   space 5696K,   0% used [0x08090000, 0x08090000, 0x08620000)
 tenured generation   total 113888K, used 79972K [0x0fea0000, 0x16dd8000, 0x25400000)
   the space 113888K,  70% used [0x0fea0000, 0x14cb9390, 0x14cb9400, 0x16dd8000)
 Metaspace       used 18695K, capacity 19116K, committed 19200K, reserved 19840K
}
Event: 26809.284 GC heap before
{Heap before GC invocations=244 (full 2):
 def new generation   total 51328K, used 48605K [0x05400000, 0x08bb0000, 0x0fea0000)
  eden space 45632K, 100% used [0x05400000, 0x08090000, 0x08090000)
  from space 5696K,  52% used [0x08620000, 0x089077c0, 0x08bb0000)
  to   space 5696K,   0% used [0x08090000, 0x08090000, 0x08620000)
 tenured generation   total 113888K, used 79972K [0x0fea0000, 0x16dd8000, 0x25400000)
   the space 113888K,  70% used [0x0fea0000, 0x14cb9390, 0x14cb9400, 0x16dd8000)
 Metaspace       used 18697K, capacity 19118K, committed 19200K, reserved 19840K
Event: 26809.289 GC heap after
Heap after GC invocations=245 (full 2):
 def new generation   total 51328K, used 3335K [0x05400000, 0x08bb0000, 0x0fea0000)
  eden space 45632K,   0% used [0x05400000, 0x05400000, 0x08090000)
  from space 5696K,  58% used [0x08090000, 0x083d1df8, 0x08620000)
  to   space 5696K,   0% used [0x08620000, 0x08620000, 0x08bb0000)
 tenured generation   total 113888K, used 80129K [0x0fea0000, 0x16dd8000, 0x25400000)
   the space 113888K,  70% used [0x0fea0000, 0x14ce0518, 0x14ce0600, 0x16dd8000)
 Metaspace       used 18697K, capacity 19118K, committed 19200K, reserved 19840K
}
Event: 26897.046 GC heap before
{Heap before GC invocations=245 (full 2):
 def new generation   total 51328K, used 48967K [0x05400000, 0x08bb0000, 0x0fea0000)
  eden space 45632K, 100% used [0x05400000, 0x08090000, 0x08090000)
  from space 5696K,  58% used [0x08090000, 0x083d1df8, 0x08620000)
  to   space 5696K,   0% used [0x08620000, 0x08620000, 0x08bb0000)
 tenured generation   total 113888K, used 80129K [0x0fea0000, 0x16dd8000, 0x25400000)
   the space 113888K,  70% used [0x0fea0000, 0x14ce0518, 0x14ce0600, 0x16dd8000)
 Metaspace       used 18697K, capacity 19118K, committed 19200K, reserved 19840K
Event: 26897.051 GC heap after
Heap after GC invocations=246 (full 2):
 def new generation   total 51328K, used 877K [0x05400000, 0x08bb0000, 0x0fea0000)
  eden space 45632K,   0% used [0x05400000, 0x05400000, 0x08090000)
  from space 5696K,  15% used [0x08620000, 0x086fb4e0, 0x08bb0000)
  to   space 5696K,   0% used [0x08090000, 0x08090000, 0x08620000)
 tenured generation   total 113888K, used 82452K [0x0fea0000, 0x16dd8000, 0x25400000)
   the space 113888K,  72% used [0x0fea0000, 0x14f253e8, 0x14f25400, 0x16dd8000)
 Metaspace       used 18697K, capacity 19118K, committed 19200K, reserved 19840K
}
Event: 26976.703 GC heap before
{Heap before GC invocations=246 (full 2):
 def new generation   total 51328K, used 46509K [0x05400000, 0x08bb0000, 0x0fea0000)
  eden space 45632K, 100% used [0x05400000, 0x08090000, 0x08090000)
  from space 5696K,  15% used [0x08620000, 0x086fb4e0, 0x08bb0000)
  to   space 5696K,   0% used [0x08090000, 0x08090000, 0x08620000)
 tenured generation   total 113888K, used 82452K [0x0fea0000, 0x16dd8000, 0x25400000)
   the space 113888K,  72% used [0x0fea0000, 0x14f253e8, 0x14f25400, 0x16dd8000)
 Metaspace       used 18697K, capacity 19118K, committed 19200K, reserved 19840K
Event: 26976.707 GC heap after
Heap after GC invocations=247 (full 2):
 def new generation   total 51328K, used 941K [0x05400000, 0x08bb0000, 0x0fea0000)
  eden space 45632K,   0% used [0x05400000, 0x05400000, 0x08090000)
  from space 5696K,  16% used [0x08090000, 0x0817b728, 0x08620000)
  to   space 5696K,   0% used [0x08620000, 0x08620000, 0x08bb0000)
 tenured generation   total 113888K, used 82452K [0x0fea0000, 0x16dd8000, 0x25400000)
   the space 113888K,  72% used [0x0fea0000, 0x14f253e8, 0x14f25400, 0x16dd8000)
 Metaspace       used 18697K, capacity 19118K, committed 19200K, reserved 19840K
}
Event: 27039.207 GC heap before
{Heap before GC invocations=247 (full 2):
 def new generation   total 51328K, used 45169K [0x05400000, 0x08bb0000, 0x0fea0000)
  eden space 45632K,  96% used [0x05400000, 0x07f31088, 0x08090000)
  from space 5696K,  16% used [0x08090000, 0x0817b728, 0x08620000)
  to   space 5696K,   0% used [0x08620000, 0x08620000, 0x08bb0000)
 tenured generation   total 113888K, used 82452K [0x0fea0000, 0x16dd8000, 0x25400000)
   the space 113888K,  72% used [0x0fea0000, 0x14f253e8, 0x14f25400, 0x16dd8000)
 Metaspace       used 18697K, capacity 19118K, committed 19200K, reserved 19840K
Event: 27039.212 GC heap after
Heap after GC invocations=248 (full 2):
 def new generation   total 51328K, used 2808K [0x05400000, 0x08bb0000, 0x0fea0000)
  eden space 45632K,   0% used [0x05400000, 0x05400000, 0x08090000)
  from space 5696K,  49% used [0x08620000, 0x088de350, 0x08bb0000)
  to   space 5696K,   0% used [0x08090000, 0x08090000, 0x08620000)
 tenured generation   total 113888K, used 82452K [0x0fea0000, 0x16dd8000, 0x25400000)
   the space 113888K,  72% used [0x0fea0000, 0x14f253e8, 0x14f25400, 0x16dd8000)
 Metaspace       used 18697K, capacity 19118K, committed 19200K, reserved 19840K
}

